[debug] [2025-03-08T13:42:57.381Z] ----------------------------------------------------------------------
[debug] [2025-03-08T13:42:57.383Z] Command:       C:\Program Files\nodejs\node.exe C:\Users\Daniela\AppData\Roaming\npm\node_modules\firebase-tools\lib\bin\firebase.js init
[debug] [2025-03-08T13:42:57.384Z] CLI Version:   13.33.0
[debug] [2025-03-08T13:42:57.384Z] Platform:      win32
[debug] [2025-03-08T13:42:57.384Z] Node Version:  v20.12.0
[debug] [2025-03-08T13:42:57.384Z] Time:          Sat Mar 08 2025 15:42:57 GMT+0200 (Ora standard a Europei de Est)
[debug] [2025-03-08T13:42:57.384Z] ----------------------------------------------------------------------
[debug] 
[debug] [2025-03-08T13:42:57.391Z] > command requires scopes: ["email","openid","https://www.googleapis.com/auth/cloudplatformprojects.readonly","https://www.googleapis.com/auth/firebase","https://www.googleapis.com/auth/cloud-platform"]
[debug] [2025-03-08T13:42:57.391Z] > authorizing via signed-in user (daniela.hebristean22@gmail.com)
[info] 
     ######## #### ########  ######## ########     ###     ######  ########
     ##        ##  ##     ## ##       ##     ##  ##   ##  ##       ##
     ######    ##  ########  ######   ########  #########  ######  ######
     ##        ##  ##    ##  ##       ##     ## ##     ##       ## ##
     ##       #### ##     ## ######## ########  ##     ##  ######  ########

You're about to initialize a Firebase project in this directory:

  C:\Users\Daniela\OneDrive - Universitatea din Oradea\RO ET CO\roetco

[info] 
=== Project Setup
[info] 
[info] First, let's associate this project directory with a Firebase project.
[info] You can create multiple project aliases by running firebase use --add, 
[info] but for now we'll just set up a default project.
[info] 
[debug] [2025-03-08T13:43:02.613Z] Checked if tokens are valid: false, expires at: 1680447730233
[debug] [2025-03-08T13:43:02.614Z] Checked if tokens are valid: false, expires at: 1680447730233
[debug] [2025-03-08T13:43:02.614Z] > refreshing access token with scopes: []
[debug] [2025-03-08T13:43:02.617Z] >>> [apiv2][query] POST https://www.googleapis.com/oauth2/v3/token [none]
[debug] [2025-03-08T13:43:02.617Z] >>> [apiv2][body] POST https://www.googleapis.com/oauth2/v3/token [omitted]
[debug] [2025-03-08T13:43:02.780Z] <<< [apiv2][status] POST https://www.googleapis.com/oauth2/v3/token 400
[debug] [2025-03-08T13:43:02.780Z] <<< [apiv2][body] POST https://www.googleapis.com/oauth2/v3/token [omitted]
[debug] [2025-03-08T13:43:02.782Z] >>> [apiv2][query] GET https://firebase.googleapis.com/v1beta1/projects pageSize=100
[debug] [2025-03-08T13:43:02.889Z] <<< [apiv2][status] GET https://firebase.googleapis.com/v1beta1/projects 401
[debug] [2025-03-08T13:43:02.889Z] <<< [apiv2][body] GET https://firebase.googleapis.com/v1beta1/projects [omitted]
[debug] [2025-03-08T13:43:02.889Z] Got a 401 Unauthenticated error for a call that required authentication. Refreshing tokens.
[debug] [2025-03-08T13:43:02.889Z] Checked if tokens are valid: false, expires at: 1680447730233
[debug] [2025-03-08T13:43:02.889Z] Checked if tokens are valid: false, expires at: 1680447730233
[debug] [2025-03-08T13:43:02.889Z] > refreshing access token with scopes: []
[debug] [2025-03-08T13:43:02.890Z] >>> [apiv2][query] POST https://www.googleapis.com/oauth2/v3/token [none]
[debug] [2025-03-08T13:43:02.890Z] >>> [apiv2][body] POST https://www.googleapis.com/oauth2/v3/token [omitted]
[debug] [2025-03-08T13:43:02.943Z] <<< [apiv2][status] POST https://www.googleapis.com/oauth2/v3/token 400
[debug] [2025-03-08T13:43:02.943Z] <<< [apiv2][body] POST https://www.googleapis.com/oauth2/v3/token [omitted]
[debug] [2025-03-08T13:43:02.945Z] Request to https://firebase.googleapis.com/v1beta1/projects?pageSize=100 had HTTP Error: 401, Request had invalid authentication credentials. Expected OAuth 2 access token, login cookie or other valid authentication credential. See https://developers.google.com/identity/sign-in/web/devconsole-project.
[debug] [2025-03-08T13:43:03.040Z] FirebaseError: Request to https://firebase.googleapis.com/v1beta1/projects?pageSize=100 had HTTP Error: 401, Request had invalid authentication credentials. Expected OAuth 2 access token, login cookie or other valid authentication credential. See https://developers.google.com/identity/sign-in/web/devconsole-project.
    at responseToError (C:\Users\Daniela\AppData\Roaming\npm\node_modules\firebase-tools\lib\responseToError.js:52:12)
    at RetryOperation._fn (C:\Users\Daniela\AppData\Roaming\npm\node_modules\firebase-tools\lib\apiv2.js:312:77)
    at process.processTicksAndRejections (node:internal/process/task_queues:95:5)
[error] 
[error] Error: Failed to list Firebase projects. See firebase-debug.log for more info.
